C:\USERS\ACER-CRIS\DESKTOP\TRABAJO 2\DEBUG\TRABAJO 2.EXE
C:\USERS\ACER-CRIS\DESKTOP\TRABAJO 2\DEBUG\TRABAJO 2.ILK
C:\USERS\ACER-CRIS\DESKTOP\TRABAJO 2\DEBUG\TRABAJO 2.PDB
C:\USERS\ACER-CRIS\DESKTOP\TRABAJO 2\TRABAJO 2\DEBUG\BASE.OBJ
C:\USERS\ACER-CRIS\DESKTOP\TRABAJO 2\TRABAJO 2\DEBUG\CUBO.OBJ
C:\USERS\ACER-CRIS\DESKTOP\TRABAJO 2\TRABAJO 2\DEBUG\ESFERA.OBJ
C:\USERS\ACER-CRIS\DESKTOP\TRABAJO 2\TRABAJO 2\DEBUG\FANTASMA.OBJ
C:\USERS\ACER-CRIS\DESKTOP\TRABAJO 2\TRABAJO 2\DEBUG\LABERINTO.OBJ
C:\USERS\ACER-CRIS\DESKTOP\TRABAJO 2\TRABAJO 2\DEBUG\PACMAN.OBJ
C:\USERS\ACER-CRIS\DESKTOP\TRABAJO 2\TRABAJO 2\DEBUG\TRABAJO 2.EXE.EMBED.MANIFEST
C:\USERS\ACER-CRIS\DESKTOP\TRABAJO 2\TRABAJO 2\DEBUG\TRABAJO 2.EXE.EMBED.MANIFEST.RES
C:\USERS\ACER-CRIS\DESKTOP\TRABAJO 2\TRABAJO 2\DEBUG\TRABAJO 2.EXE.INTERMEDIATE.MANIFEST
C:\USERS\ACER-CRIS\DESKTOP\TRABAJO 2\TRABAJO 2\DEBUG\VC100.PDB
C:\USERS\ACER-CRIS\DESKTOP\TRABAJO 2\TRABAJO 2\DEBUG\VECTOR3D.OBJ
C:\USERS\PABLO\DOCUMENTS\VISUAL STUDIO 2010\PROJECTS\TRABAJO 2 CRIS\DEBUG\TRABAJO 2.EXE
C:\USERS\PABLO\DOCUMENTS\VISUAL STUDIO 2010\PROJECTS\TRABAJO 2 CRIS\DEBUG\TRABAJO 2.PDB
C:\USERS\PABLO\DOCUMENTS\VISUAL STUDIO 2010\PROJECTS\TRABAJO 2 CRIS\TRABAJO 2\DEBUG\BASE.OBJ
C:\Users\Pablo\Documents\Visual Studio 2010\Projects\TRABAJO 2 cris\TRABAJO 2\Debug\cl.command.1.tlog
C:\Users\Pablo\Documents\Visual Studio 2010\Projects\TRABAJO 2 cris\TRABAJO 2\Debug\CL.read.1.tlog
C:\Users\Pablo\Documents\Visual Studio 2010\Projects\TRABAJO 2 cris\TRABAJO 2\Debug\CL.write.1.tlog
C:\USERS\PABLO\DOCUMENTS\VISUAL STUDIO 2010\PROJECTS\TRABAJO 2 CRIS\TRABAJO 2\DEBUG\CUBO.OBJ
C:\USERS\PABLO\DOCUMENTS\VISUAL STUDIO 2010\PROJECTS\TRABAJO 2 CRIS\TRABAJO 2\DEBUG\ESFERA.OBJ
C:\USERS\PABLO\DOCUMENTS\VISUAL STUDIO 2010\PROJECTS\TRABAJO 2 CRIS\TRABAJO 2\DEBUG\FANTASMA.OBJ
C:\USERS\PABLO\DOCUMENTS\VISUAL STUDIO 2010\PROJECTS\TRABAJO 2 CRIS\TRABAJO 2\DEBUG\LABERINTO.OBJ
C:\Users\Pablo\Documents\Visual Studio 2010\Projects\TRABAJO 2 cris\TRABAJO 2\Debug\link.10620.read.1.tlog
C:\Users\Pablo\Documents\Visual Studio 2010\Projects\TRABAJO 2 cris\TRABAJO 2\Debug\link.10620.write.1.tlog
C:\Users\Pablo\Documents\Visual Studio 2010\Projects\TRABAJO 2 cris\TRABAJO 2\Debug\link.10620-cvtres.read.1.tlog
C:\Users\Pablo\Documents\Visual Studio 2010\Projects\TRABAJO 2 cris\TRABAJO 2\Debug\link.10620-cvtres.write.1.tlog
C:\Users\Pablo\Documents\Visual Studio 2010\Projects\TRABAJO 2 cris\TRABAJO 2\Debug\link.7768.read.1.tlog
C:\Users\Pablo\Documents\Visual Studio 2010\Projects\TRABAJO 2 cris\TRABAJO 2\Debug\link.7768.write.1.tlog
C:\Users\Pablo\Documents\Visual Studio 2010\Projects\TRABAJO 2 cris\TRABAJO 2\Debug\link.7768-cvtres.read.1.tlog
C:\Users\Pablo\Documents\Visual Studio 2010\Projects\TRABAJO 2 cris\TRABAJO 2\Debug\link.7768-cvtres.write.1.tlog
C:\Users\Pablo\Documents\Visual Studio 2010\Projects\TRABAJO 2 cris\TRABAJO 2\Debug\link.command.1.tlog
C:\Users\Pablo\Documents\Visual Studio 2010\Projects\TRABAJO 2 cris\TRABAJO 2\Debug\link.read.1.tlog
C:\Users\Pablo\Documents\Visual Studio 2010\Projects\TRABAJO 2 cris\TRABAJO 2\Debug\link.write.1.tlog
C:\Users\Pablo\Documents\Visual Studio 2010\Projects\TRABAJO 2 cris\TRABAJO 2\Debug\link-cvtres.read.1.tlog
C:\Users\Pablo\Documents\Visual Studio 2010\Projects\TRABAJO 2 cris\TRABAJO 2\Debug\link-cvtres.write.1.tlog
C:\USERS\PABLO\DOCUMENTS\VISUAL STUDIO 2010\PROJECTS\TRABAJO 2 CRIS\TRABAJO 2\DEBUG\LISTAESFERAS.OBJ
C:\Users\Pablo\Documents\Visual Studio 2010\Projects\TRABAJO 2 cris\TRABAJO 2\Debug\mt.command.1.tlog
C:\Users\Pablo\Documents\Visual Studio 2010\Projects\TRABAJO 2 cris\TRABAJO 2\Debug\mt.read.1.tlog
C:\Users\Pablo\Documents\Visual Studio 2010\Projects\TRABAJO 2 cris\TRABAJO 2\Debug\mt.write.1.tlog
C:\USERS\PABLO\DOCUMENTS\VISUAL STUDIO 2010\PROJECTS\TRABAJO 2 CRIS\TRABAJO 2\DEBUG\PACMAN.OBJ
C:\Users\Pablo\Documents\Visual Studio 2010\Projects\TRABAJO 2 cris\TRABAJO 2\Debug\rc.command.1.tlog
C:\Users\Pablo\Documents\Visual Studio 2010\Projects\TRABAJO 2 cris\TRABAJO 2\Debug\rc.read.1.tlog
C:\Users\Pablo\Documents\Visual Studio 2010\Projects\TRABAJO 2 cris\TRABAJO 2\Debug\rc.write.1.tlog
C:\Users\Pablo\Documents\Visual Studio 2010\Projects\TRABAJO 2 cris\TRABAJO 2\Debug\TRABAJO 2.exe.embed.manifest
C:\USERS\PABLO\DOCUMENTS\VISUAL STUDIO 2010\PROJECTS\TRABAJO 2 CRIS\TRABAJO 2\DEBUG\TRABAJO 2.EXE.EMBED.MANIFEST.RES
C:\USERS\PABLO\DOCUMENTS\VISUAL STUDIO 2010\PROJECTS\TRABAJO 2 CRIS\TRABAJO 2\DEBUG\TRABAJO 2.EXE.INTERMEDIATE.MANIFEST
C:\Users\Pablo\Documents\Visual Studio 2010\Projects\TRABAJO 2 cris\TRABAJO 2\Debug\TRABAJO 2.vcxprojResolveAssemblyReference.cache
C:\Users\Pablo\Documents\Visual Studio 2010\Projects\TRABAJO 2 cris\TRABAJO 2\Debug\TRABAJO 2.write.1.tlog
C:\Users\Pablo\Documents\Visual Studio 2010\Projects\TRABAJO 2 cris\TRABAJO 2\Debug\TRABAJO 2_manifest.rc
C:\Users\Pablo\Documents\Visual Studio 2010\Projects\TRABAJO 2 cris\TRABAJO 2\Debug\vc100.idb
C:\USERS\PABLO\DOCUMENTS\VISUAL STUDIO 2010\PROJECTS\TRABAJO 2 CRIS\TRABAJO 2\DEBUG\VC100.PDB
C:\USERS\PABLO\DOCUMENTS\VISUAL STUDIO 2010\PROJECTS\TRABAJO 2 CRIS\TRABAJO 2\DEBUG\VECTOR3D.OBJ
